<?xml version="1.0" encoding="UTF-8"?>
<testng-results ignored="0" total="1" passed="1" failed="0" skipped="0">
  <reporter-output>
  </reporter-output>
  <suite started-at="2024-08-06T16:57:57 IST" name="Suite" finished-at="2024-08-06T16:58:03 IST" duration-ms="6235">
    <groups>
      <group name="sanity">
        <method signature="TC001_Register.registerAccount()[pri:0, instance:testCases.TC001_Register@7dcf94f8]" name="registerAccount" class="testCases.TC001_Register"/>
      </group> <!-- sanity -->
      <group name="master">
        <method signature="TC001_Register.registerAccount()[pri:0, instance:testCases.TC001_Register@7dcf94f8]" name="registerAccount" class="testCases.TC001_Register"/>
      </group> <!-- master -->
    </groups>
    <test started-at="2024-08-06T16:57:57 IST" name="Test" finished-at="2024-08-06T16:58:03 IST" duration-ms="6235">
      <class name="testCases.TC001_Register">
        <test-method is-config="true" signature="setUp(java.lang.String,java.lang.String)[pri:0, instance:testCases.TC001_Register@7dcf94f8]" started-at="2024-08-06T16:57:57 IST" name="setUp" finished-at="2024-08-06T16:58:00 IST" duration-ms="3674" status="PASS">
          <params>
            <param index="0">
              <value>
                <![CDATA[Windows]]>
              </value>
            </param>
            <param index="1">
              <value>
                <![CDATA[chrome]]>
              </value>
            </param>
          </params>
          <reporter-output>
          </reporter-output>
        </test-method> <!-- setUp -->
        <test-method signature="registerAccount()[pri:0, instance:testCases.TC001_Register@7dcf94f8]" started-at="2024-08-06T16:58:01 IST" name="registerAccount" finished-at="2024-08-06T16:58:03 IST" duration-ms="2034" status="PASS">
          <reporter-output>
          </reporter-output>
        </test-method> <!-- registerAccount -->
        <test-method is-config="true" signature="tearDown()[pri:0, instance:testCases.TC001_Register@7dcf94f8]" started-at="2024-08-06T16:58:03 IST" name="tearDown" finished-at="2024-08-06T16:58:03 IST" duration-ms="239" status="PASS">
          <reporter-output>
          </reporter-output>
        </test-method> <!-- tearDown -->
      </class> <!-- testCases.TC001_Register -->
    </test> <!-- Test -->
  </suite> <!-- Suite -->
</testng-results>
