<?xml version="1.0" encoding="UTF-8"?>
<testng-results ignored="0" total="1" passed="1" failed="0" skipped="0">
  <reporter-output>
  </reporter-output>
  <suite started-at="2024-08-06T16:15:49 IST" name="MasterSuite" finished-at="2024-08-06T16:15:54 IST" duration-ms="5055">
    <groups>
      <group name="regression">
        <method signature="TC002_Login.loginTest()[pri:0, instance:testCases.TC002_Login@6f53b8a]" name="loginTest" class="testCases.TC002_Login"/>
      </group> <!-- regression -->
      <group name="master">
        <method signature="TC002_Login.loginTest()[pri:0, instance:testCases.TC002_Login@6f53b8a]" name="loginTest" class="testCases.TC002_Login"/>
      </group> <!-- master -->
    </groups>
    <test started-at="2024-08-06T16:15:49 IST" name="Test" finished-at="2024-08-06T16:15:54 IST" duration-ms="5055">
      <class name="testCases.TC002_Login">
        <test-method is-config="true" signature="setUp(java.lang.String,java.lang.String)[pri:0, instance:testCases.TC002_Login@6f53b8a]" started-at="2024-08-06T16:15:49 IST" name="setUp" finished-at="2024-08-06T16:15:53 IST" duration-ms="3150" status="PASS">
          <params>
            <param index="0">
              <value>
                <![CDATA[Windows]]>
              </value>
            </param>
            <param index="1">
              <value>
                <![CDATA[chrome]]>
              </value>
            </param>
          </params>
          <reporter-output>
          </reporter-output>
        </test-method> <!-- setUp -->
        <test-method signature="loginTest()[pri:0, instance:testCases.TC002_Login@6f53b8a]" started-at="2024-08-06T16:15:53 IST" name="loginTest" finished-at="2024-08-06T16:15:54 IST" duration-ms="1600" status="PASS">
          <reporter-output>
          </reporter-output>
        </test-method> <!-- loginTest -->
        <test-method is-config="true" signature="tearDown()[pri:0, instance:testCases.TC002_Login@6f53b8a]" started-at="2024-08-06T16:15:54 IST" name="tearDown" finished-at="2024-08-06T16:15:54 IST" duration-ms="233" status="PASS">
          <reporter-output>
          </reporter-output>
        </test-method> <!-- tearDown -->
      </class> <!-- testCases.TC002_Login -->
    </test> <!-- Test -->
  </suite> <!-- MasterSuite -->
</testng-results>
